-------------------------------------------------------------------------------
Test set: com.SpringBootApp.CSCI4050.BookStore.BookStoreApplicationTests
-------------------------------------------------------------------------------
Tests run: 1, Failures: 0, Errors: 1, Skipped: 0, Time elapsed: 3.751 s <<< FAILURE! - in com.SpringBootApp.CSCI4050.BookStore.BookStoreApplicationTests
contextLoads  Time elapsed: 0.001 s  <<< ERROR!
java.lang.IllegalStateException: Failed to load ApplicationContext
Caused by: org.springframework.beans.factory.BeanCreationException: Error creating bean with name 'entityManagerFactory' defined in class path resource [org/springframework/boot/autoconfigure/orm/jpa/HibernateJpaConfiguration.class]: Invocation of init method failed; nested exception is javax.persistence.PersistenceException: [PersistenceUnit: default] Unable to build Hibernate SessionFactory; nested exception is org.hibernate.MappingException: Could not determine type for: com.SpringBootApp.CSCI4050.BookStore.entities.UserAccountEntity, at table: card, for columns: [org.hibernate.mapping.Column(user_iduser)]
Caused by: javax.persistence.PersistenceException: [PersistenceUnit: default] Unable to build Hibernate SessionFactory; nested exception is org.hibernate.MappingException: Could not determine type for: com.SpringBootApp.CSCI4050.BookStore.entities.UserAccountEntity, at table: card, for columns: [org.hibernate.mapping.Column(user_iduser)]
Caused by: org.hibernate.MappingException: Could not determine type for: com.SpringBootApp.CSCI4050.BookStore.entities.UserAccountEntity, at table: card, for columns: [org.hibernate.mapping.Column(user_iduser)]

