-------------------------------------------------------------------------------
Test set: com.SpringBootApp.CSCI4050.BookStore.BookStoreApplicationTests
-------------------------------------------------------------------------------
Tests run: 1, Failures: 0, Errors: 1, Skipped: 0, Time elapsed: 5.265 s <<< FAILURE! - in com.SpringBootApp.CSCI4050.BookStore.BookStoreApplicationTests
contextLoads  Time elapsed: 0.002 s  <<< ERROR!
java.lang.IllegalStateException: Failed to load ApplicationContext
Caused by: org.springframework.beans.factory.UnsatisfiedDependencyException: Error creating bean with name 'addressController' defined in file [/Users/aries/IdeaProjects/team2c-bookstore/target/classes/com/SpringBootApp/CSCI4050/BookStore/controllers/AddressController.class]: Unsatisfied dependency expressed through constructor parameter 0; nested exception is org.springframework.beans.factory.BeanCreationException: Error creating bean with name 'addressRepository' defined in com.SpringBootApp.CSCI4050.BookStore.repository.AddressRepository defined in @EnableJpaRepositories declared on JpaRepositoriesRegistrar.EnableJpaRepositoriesConfiguration: Invocation of init method failed; nested exception is java.lang.IllegalArgumentException: Failed to create query for method public abstract com.SpringBootApp.CSCI4050.BookStore.entities.AddressEntity com.SpringBootApp.CSCI4050.BookStore.repository.AddressRepository.findByUserID(java.lang.Long)! No property userID found for type AddressEntity!
Caused by: org.springframework.beans.factory.BeanCreationException: Error creating bean with name 'addressRepository' defined in com.SpringBootApp.CSCI4050.BookStore.repository.AddressRepository defined in @EnableJpaRepositories declared on JpaRepositoriesRegistrar.EnableJpaRepositoriesConfiguration: Invocation of init method failed; nested exception is java.lang.IllegalArgumentException: Failed to create query for method public abstract com.SpringBootApp.CSCI4050.BookStore.entities.AddressEntity com.SpringBootApp.CSCI4050.BookStore.repository.AddressRepository.findByUserID(java.lang.Long)! No property userID found for type AddressEntity!
Caused by: java.lang.IllegalArgumentException: Failed to create query for method public abstract com.SpringBootApp.CSCI4050.BookStore.entities.AddressEntity com.SpringBootApp.CSCI4050.BookStore.repository.AddressRepository.findByUserID(java.lang.Long)! No property userID found for type AddressEntity!
Caused by: org.springframework.data.mapping.PropertyReferenceException: No property userID found for type AddressEntity!

